<?xml version="1.0" encoding="UTF-8"?>
<!-- Generated by org.testng.reporters.JUnitXMLReporter -->
<testsuite hostname="DESKTOP-JSTUL8K" ignored="0" name="Functional Test" tests="5" failures="3" timestamp="2021-08-27T11:23:59 BDT" time="55.208" errors="0">
  <testcase name="@AfterTest closeBrowser" time="2.001" classname="com.testClasses.ProductSearchAndSelect">
    <failure type="java.lang.NullPointerException">
      <![CDATA[java.lang.NullPointerException
at com.testClasses.ProductSearchAndSelect.closeBrowser(ProductSearchAndSelect.java:72)
... Removed 24 stack frames]]>
    </failure>
  </testcase> <!-- @AfterTest closeBrowser -->
  <testcase name="selectDeliveryLocation" time="7.472" classname="com.testClasses.ShwapnoPopUpWindow"/>
  <testcase name="shwapnoLogin" time="5.327" classname="com.testClasses.ShwapnoPopUpWindow"/>
  <testcase name="login" time="30.086" classname="com.testClasses.ShwapnoLogin">
    <failure type="junit.framework.AssertionFailedError" message="clickable locator not found:: By.xpath: //a[contains(@href,&amp;apos;https://www.shwapno.com/Registration/Login.aspx?ReturnUrl=https://www.shwapno.com&amp;apos;)]">
      <![CDATA[junit.framework.AssertionFailedError: clickable locator not found:: By.xpath: //a[contains(@href,'https://www.shwapno.com/Registration/Login.aspx?ReturnUrl=https://www.shwapno.com')]
at junit.framework.Assert.fail(Assert.java:47)
at junit.framework.Assert.assertTrue(Assert.java:20)
at junit.framework.Assert.assertFalse(Assert.java:34)
at com.utilities.PageActions.getElement(PageActions.java:31)
at com.reusableFunctions.ReusableFunction.login_link(ReusableFunction.java:37)
at com.testClasses.ShwapnoLogin.login(ShwapnoLogin.java:21)
at java.util.ArrayList.forEach(Unknown Source)
... Removed 27 stack frames]]>
    </failure>
  </testcase> <!-- login -->
  <testcase name="pSearchAndSelect" time="0.003" classname="com.testClasses.ShwapnoLogin">
    <failure type="java.lang.NullPointerException">
      <![CDATA[java.lang.NullPointerException
at com.testClasses.ProductSearchAndSelect.productSelect(ProductSearchAndSelect.java:24)
at com.testClasses.ShwapnoLogin.pSearchAndSelect(ShwapnoLogin.java:75)
at java.util.ArrayList.forEach(Unknown Source)
... Removed 27 stack frames]]>
    </failure>
  </testcase> <!-- pSearchAndSelect -->
  <testcase name="productSelect" time="0.002" classname="com.testClasses.ProductSearchAndSelect">
    <failure type="java.lang.NullPointerException">
      <![CDATA[java.lang.NullPointerException
at com.testClasses.ProductSearchAndSelect.productSelect(ProductSearchAndSelect.java:24)
at java.util.ArrayList.forEach(Unknown Source)
... Removed 27 stack frames]]>
    </failure>
  </testcase> <!-- productSelect -->
</testsuite> <!-- Functional Test -->
